<?xml version="1.0" encoding="UTF-8"?>
<!-- Generated by org.testng.reporters.JUnitReportReporter -->
<testsuite hostname="BDC4-D-5SW3RG2" name="com.acc.Testclass4" tests="1" failures="0" timestamp="15 Oct 2018 06:49:02 GMT" time="5.147" errors="0">
  <testcase name="method1" time="5.147" classname="com.acc.Testclass4"/>
</testsuite> <!-- com.acc.Testclass4 -->
