<?xml version="1.0" encoding="UTF-8"?>
<!-- Generated by org.testng.reporters.JUnitReportReporter -->
<testsuite hostname="BDC4-D-5SW3RG2" name="com.test.Logintest" tests="1" failures="0" timestamp="16 Oct 2018 05:41:47 GMT" time="32.650" errors="0">
  <testcase name="loginOperation" time="32.650" classname="com.test.Logintest"/>
</testsuite> <!-- com.test.Logintest -->
