<?xml version="1.0" encoding="UTF-8"?>
<!-- Generated by org.testng.reporters.JUnitReportReporter -->
<testsuite hostname="BDC4-D-5SW3RG2" name="com.acc.Testclass8Robotclass" tests="1" failures="0" timestamp="15 Oct 2018 10:03:09 GMT" time="5.721" errors="0">
  <testcase name="method1" time="5.721" classname="com.acc.Testclass8Robotclass"/>
</testsuite> <!-- com.acc.Testclass8Robotclass -->
