<?xml version="1.0" encoding="UTF-8"?>
<!-- Generated by org.testng.reporters.JUnitReportReporter -->
<testsuite hostname="BDC4-D-5SW3RG2" name="com.acc.Testclass7cookie" tests="1" failures="0" timestamp="15 Oct 2018 09:07:52 GMT" time="15.506" errors="0">
  <testcase name="method1" time="15.506" classname="com.acc.Testclass7cookie"/>
</testsuite> <!-- com.acc.Testclass7cookie -->
