<?xml version="1.0" encoding="UTF-8"?>
<!-- Generated by org.testng.reporters.JUnitReportReporter -->
<testsuite hostname="BDC4-D-5SW3RG2" name="com.acc.Testclass6JS" tests="1" failures="0" timestamp="15 Oct 2018 08:44:46 GMT" time="13.013" errors="0">
  <testcase name="method1" time="13.013" classname="com.acc.Testclass6JS"/>
</testsuite> <!-- com.acc.Testclass6JS -->
