<?xml version="1.0" encoding="UTF-8"?>
<!-- Generated by org.testng.reporters.JUnitReportReporter -->
<testsuite hostname="BDC4-D-5SW3RG2" name="com.acc.Testclass2" tests="1" failures="0" timestamp="15 Oct 2018 05:57:13 GMT" time="6.517" errors="0">
  <testcase name="method1" time="6.517" classname="com.acc.Testclass2"/>
</testsuite> <!-- com.acc.Testclass2 -->
